IL19393498401 34
IL19393498405 8
IL19393494400 33
IL19393494401 29
IL19393482500 28
IL19393502800 39
IL19393502801 36
IL19393502806 6
IL19393507900 44
IL19393507901 37
IL19393507905 9
IL19393504400 43
IL19393504401 37
IL19393504405 7
IL19393499400 35
IL19393499401 30
IL19393499405 2
IL193934994051 0
IL19393503300 33
IL19393503301 29
IL19393508900 37
IL19393508901 29
IL19393508905 3
IL19393509800 34
IL19393509801 36
IL19393509806 3
IL19393492100 29
IL19393492101 26
IL19393480300 39
IL19393480301 36
IL19393480305 5
IL19393505500 27
IL19393492700 28
IL19393504900 31
IL19393485300 29
IL19393489300 29
IL19393510900 35
IL19393510902 40
IL19393510905 3
IL19393480800 33
IL19393497200 30
IL19393511000 33
IL19393511001 29
IL19393511005 2
IL19393480900 28
